1.3478 	WARNING 	We strongly recommend you activate the PTB sound engine in PsychoPy prefs as the preferred audio engine. Its timing is vastly superior. Your prefs are currently set to use ['sounddevice', 'PTB', 'pyo', 'pygame'] (in that order).
7.7929 	WARNING 	User requested fullscreen with size [1024  768], but screen is actually [1920, 1080]. Using actual size
8.4257 	EXP 	Created window1 = Window(allowGUI=False, allowStencil=False, autoLog=True, backendConf=UNKNOWN, bitsMode=UNKNOWN, blendMode='avg', bpc=(8, 8, 8), color=array([0, 0, 0]), colorSpace='rgb', depthBits=8, fullscr=<method-wrapper '__getattribute__' of attributeSetter object at 0x000002BC44C15940>, gamma=None, gammaErrorPolicy='raise', lms=UNKNOWN, monitor=<psychopy.monitors.calibTools.Monitor object at 0x000002BC458A4340>, multiSample=False, name='window1', numSamples=2, pos=(0, 0), screen=0, size=array([1920, 1080]), stencilBits=0, stereo=False, units='height', useFBO=True, useRetina=False, viewOri=0.0, viewPos=None, viewScale=None, waitBlanking=True, winType='pyglet')
8.4262 	EXP 	window1: mouseVisible = True
8.4262 	EXP 	window1: Attempting to measure frame rate of screen (0) ...
8.4263 	EXP 	window1: recordFrameIntervals = False
8.5920 	EXP 	window1: recordFrameIntervals = True
8.7766 	EXP 	Screen (0) actual frame rate measured at 59.88Hz
8.7767 	EXP 	window1: recordFrameIntervals = False
10.5591 	EXP 	Created Practice_Ins = TextStim(__class__=<class 'psychopy.visual.text.TextStim'>, alignHoriz=method-wrapper(...), alignText='center', alignVert=method-wrapper(...), anchorHoriz='center', anchorVert='center', antialias=True, autoDraw=False, autoLog=True, bold=False, color=array([1., 1., 1.]), colorSpace='rgb', contrast=1.0, depth=0.0, flipHoriz=False, flipVert=False, font='Open Sans', fontFiles=[], height=0.05, italic=False, languageStyle='LTR', name='Practice_Ins', opacity=1.0, ori=0.0, pos=array([0., 0.]), rgb=UNKNOWN, text='Practice trials instructions here', units='height', win=Window(...), wrapWidth=1)
10.5603 	EXP 	Created text_2 = TextStim(__class__=<class 'psychopy.visual.text.TextStim'>, alignHoriz=method-wrapper(...), alignText='center', alignVert=method-wrapper(...), anchorHoriz='center', anchorVert='center', antialias=True, autoDraw=False, autoLog=True, bold=False, color=array([1., 1., 1.]), colorSpace='rgb', contrast=1.0, depth=-2.0, flipHoriz=False, flipVert=False, font='Open Sans', fontFiles=[], height=0.05, italic=False, languageStyle='LTR', name='text_2', opacity=1.0, ori=0.0, pos=array([0., 0.]), rgb=UNKNOWN, text='', units='height', win=Window(...), wrapWidth=1)
10.5642 	EXP 	Created Fixation_Cross_2 = TextStim(__class__=<class 'psychopy.visual.text.TextStim'>, alignHoriz=method-wrapper(...), alignText='center', alignVert=method-wrapper(...), anchorHoriz='center', anchorVert='center', antialias=True, autoDraw=False, autoLog=True, bold=False, color=array([1., 1., 1.]), colorSpace='rgb', contrast=1.0, depth=-3.0, flipHoriz=False, flipVert=False, font='Open Sans', fontFiles=[], height=0.05, italic=False, languageStyle='LTR', name='Fixation_Cross_2', opacity=1.0, ori=0.0, pos=array([0., 0.]), rgb=UNKNOWN, text='+', units='height', win=Window(...), wrapWidth=1)
10.5689 	EXP 	Created Rapid_Image_Present_2 = ImageStim(__class__=<class 'psychopy.visual.image.ImageStim'>, anchor=('center', 'center'), autoLog=True, color=array([1., 1., 1.]), colorSpace='rgb', contrast=1.0, depth=-4.0, flipHoriz=False, flipVert=False, image='sin', interpolate=True, mask=None, maskParams=None, name='Rapid_Image_Present_2', opacity=1.0, ori=0.0, pos=array([0., 0.]), size=array([0.5, 0.5]), texRes=128.0, units='height', win=Window(...))
10.5701 	EXP 	Created T1Response_2 = TextStim(__class__=<class 'psychopy.visual.text.TextStim'>, alignHoriz=method-wrapper(...), alignText='center', alignVert=method-wrapper(...), anchorHoriz='center', anchorVert='center', antialias=True, autoDraw=False, autoLog=True, bold=False, color=array([1., 1., 1.]), colorSpace='rgb', contrast=1.0, depth=-1.0, flipHoriz=False, flipVert=False, font='Open Sans', fontFiles=[], height=0.05, italic=False, languageStyle='LTR', name='T1Response_2', opacity=1.0, ori=0.0, pos=array([0., 0.]), rgb=UNKNOWN, text='', units='height', win=Window(...), wrapWidth=1)
10.5781 	EXP 	Created T2Response_2 = TextStim(__class__=<class 'psychopy.visual.text.TextStim'>, alignHoriz=method-wrapper(...), alignText='center', alignVert=method-wrapper(...), anchorHoriz='center', anchorVert='center', antialias=True, autoDraw=False, autoLog=True, bold=False, color=array([1., 1., 1.]), colorSpace='rgb', contrast=1.0, depth=0.0, flipHoriz=False, flipVert=False, font='Open Sans', fontFiles=[], height=0.05, italic=False, languageStyle='LTR', name='T2Response_2', opacity=1.0, ori=0.0, pos=array([0., 0.]), rgb=UNKNOWN, text='Did you see the blender?', units='height', win=Window(...), wrapWidth=1)
10.5826 	EXP 	Created text = TextStim(__class__=<class 'psychopy.visual.text.TextStim'>, alignHoriz=method-wrapper(...), alignText='center', alignVert=method-wrapper(...), anchorHoriz='center', anchorVert='center', antialias=True, autoDraw=False, autoLog=True, bold=False, color=array([1., 1., 1.]), colorSpace='rgb', contrast=1.0, depth=0.0, flipHoriz=False, flipVert=False, font='Open Sans', fontFiles=[], height=0.05, italic=False, languageStyle='LTR', name='text', opacity=1.0, ori=0.0, pos=array([0., 0.]), rgb=UNKNOWN, text='Instructions here', units='height', win=Window(...), wrapWidth=1)
10.5839 	EXP 	Created text_5 = TextStim(__class__=<class 'psychopy.visual.text.TextStim'>, alignHoriz=method-wrapper(...), alignText='center', alignVert=method-wrapper(...), anchorHoriz='center', anchorVert='center', antialias=True, autoDraw=False, autoLog=True, bold=False, color=array([1., 1., 1.]), colorSpace='rgb', contrast=1.0, depth=-2.0, flipHoriz=False, flipVert=False, font='Open Sans', fontFiles=[], height=0.05, italic=False, languageStyle='LTR', name='text_5', opacity=1.0, ori=0.0, pos=array([0., 0.]), rgb=UNKNOWN, text='', units='height', win=Window(...), wrapWidth=1)
10.5866 	EXP 	Created FC = TextStim(__class__=<class 'psychopy.visual.text.TextStim'>, alignHoriz=method-wrapper(...), alignText='center', alignVert=method-wrapper(...), anchorHoriz='center', anchorVert='center', antialias=True, autoDraw=False, autoLog=True, bold=False, color=array([1., 1., 1.]), colorSpace='rgb', contrast=1.0, depth=-3.0, flipHoriz=False, flipVert=False, font='Open Sans', fontFiles=[], height=0.05, italic=False, languageStyle='LTR', name='FC', opacity=1.0, ori=0.0, pos=array([0., 0.]), rgb=UNKNOWN, text='+', units='height', win=Window(...), wrapWidth=1)
10.5900 	EXP 	Created Rapid_Image_Present = ImageStim(__class__=<class 'psychopy.visual.image.ImageStim'>, anchor=('center', 'center'), autoLog=True, color=array([1., 1., 1.]), colorSpace='rgb', contrast=1.0, depth=-4.0, flipHoriz=False, flipVert=False, image='sin', interpolate=True, mask=None, maskParams=None, name='Rapid_Image_Present', opacity=1.0, ori=0.0, pos=array([0., 0.]), size=array([0.5, 0.5]), texRes=128.0, units='height', win=Window(...))
10.5913 	EXP 	Created T1Response = TextStim(__class__=<class 'psychopy.visual.text.TextStim'>, alignHoriz=method-wrapper(...), alignText='center', alignVert=method-wrapper(...), anchorHoriz='center', anchorVert='center', antialias=True, autoDraw=False, autoLog=True, bold=False, color=array([1., 1., 1.]), colorSpace='rgb', contrast=1.0, depth=0.0, flipHoriz=False, flipVert=False, font='Open Sans', fontFiles=[], height=0.05, italic=False, languageStyle='LTR', name='T1Response', opacity=1.0, ori=0.0, pos=array([0., 0.]), rgb=UNKNOWN, text='', units='height', win=Window(...), wrapWidth=1)
10.5951 	EXP 	Created T2Response = TextStim(__class__=<class 'psychopy.visual.text.TextStim'>, alignHoriz=method-wrapper(...), alignText='center', alignVert=method-wrapper(...), anchorHoriz='center', anchorVert='center', antialias=True, autoDraw=False, autoLog=True, bold=False, color=array([1., 1., 1.]), colorSpace='rgb', contrast=1.0, depth=0.0, flipHoriz=False, flipVert=False, font='Open Sans', fontFiles=[], height=0.05, italic=False, languageStyle='LTR', name='T2Response', opacity=1.0, ori=0.0, pos=array([0., 0.]), rgb=UNKNOWN, text='Did you see the blender?', units='height', win=Window(...), wrapWidth=1)
10.6042 	EXP 	Practice_Ins: autoDraw = True
11.9555 	EXP 	Imported Test/Practice_Condition.xlsx as conditions, 12 conditions, 33 params
11.9560 	EXP 	Created sequence: sequential, trialTypes=12, nReps=1, seed=None
11.9566 	EXP 	New trial (rep=0, index=0): {'TrialType': 'AB', 'CondType': 'Lag1_T1P_T2P', 'Lag': 1, 'T1_PA': 'P', 'T2_PA': 'P', 'T1Loc': 8, 'T2Loc': 9, 'PreDistractor': 7, 'PostDistractor': 5, 'TotalImg': 14, 'cueWord': 'Tennis racket', 'T1cue': 'Did you see the Tennis racket?', 'StimLength': 0.2, 'isi': 0.016, 'PicFolder': 'JPG\\', 'Img1': 'coconut', 'Img2': 'computermouse06', 'Img3': 'croissant01', 'Img4': 'deodorant02a', 'Img5': 'pillow01a', 'Img6': 'peanut01', 'Img7': 'boot02b', 'Img8': 'tennisracket', 'Img9': 'blender', 'Img10': 'crayon', 'Img11': 'eggplant', 'Img12': 'marker01a', 'Img13': 'plant01', 'Img14': 'radish01', 'Img15': 'blankImage', 'Img16': 'blankImage', 'Img17': 'blankImage', 'T1_Identity': 'tennisracket'}
11.9632 	DATA 	Keypress: space
11.9698 	EXP 	Practice_Ins: autoDraw = False
11.9698 	EXP 	text_2: height = 0.05
11.9698 	EXP 	text_2: height = 0.05
11.9698 	EXP 	text_2: height = 0.05
11.9698 	EXP 	text_2: text = 'Tennis racket'
11.9698 	EXP 	text_2: autoDraw = True
12.9462 	EXP 	Fixation_Cross_2: autoDraw = True
12.9794 	EXP 	text_2: autoDraw = False
13.5712 	EXP 	Fixation_Cross_2: autoDraw = False
13.5712 	EXP 	Rapid_Image_Present_2: autoDraw = True
16.4255 	EXP 	text_2: autoDraw = False
16.4255 	EXP 	Fixation_Cross_2: autoDraw = False
16.4255 	EXP 	Rapid_Image_Present_2: autoDraw = False
16.4255 	EXP 	T1Response_2: height = 0.05
16.4255 	EXP 	T1Response_2: height = 0.05
16.4255 	EXP 	T1Response_2: height = 0.05
16.4255 	EXP 	T1Response_2: text = 'Did you see the Tennis racket?'
16.4255 	EXP 	T1Response_2: autoDraw = True
17.4336 	EXP 	T1Response_2: autoDraw = False
17.6582 	DATA 	Keypress: left
17.6676 	EXP 	T1Response_2: autoDraw = False
17.6676 	EXP 	T2Response_2: autoDraw = True
17.8547 	EXP 	New trial (rep=0, index=1): {'TrialType': 'AB', 'CondType': 'Lag1_T1P_T2P', 'Lag': 1, 'T1_PA': 'P', 'T2_PA': 'P', 'T1Loc': 6, 'T2Loc': 7, 'PreDistractor': 5, 'PostDistractor': 5, 'TotalImg': 12, 'cueWord': 'triangle', 'T1cue': 'Did you see the triangle?', 'StimLength': 0.2, 'isi': 0.016, 'PicFolder': 'JPG\\', 'Img1': 'ginger', 'Img2': 'mousetrap', 'Img3': 'plum01', 'Img4': 'slipper01b', 'Img5': 'dropper01', 'Img6': 'triangle', 'Img7': 'blender', 'Img8': 'pants', 'Img9': 'raspberry01', 'Img10': 'rope03', 'Img11': 'scale01a', 'Img12': 'vase01', 'Img13': 'blankImage', 'Img14': 'blankImage', 'Img15': 'blankImage', 'Img16': 'blankImage', 'Img17': 'blankImage', 'T1_Identity': 'triangle'}
17.8693 	DATA 	Keypress: left
17.8761 	EXP 	T2Response_2: autoDraw = False
17.8761 	EXP 	text_2: height = 0.05
17.8761 	EXP 	text_2: height = 0.05
17.8761 	EXP 	text_2: height = 0.05
17.8761 	EXP 	text_2: text = 'triangle'
17.8761 	EXP 	text_2: autoDraw = True
18.8680 	EXP 	Fixation_Cross_2: autoDraw = True
18.8848 	EXP 	text_2: autoDraw = False
19.4502 	EXP 	Fixation_Cross_2: autoDraw = False
19.4502 	EXP 	Rapid_Image_Present_2: autoDraw = True
21.8722 	EXP 	text_2: autoDraw = False
21.8722 	EXP 	Fixation_Cross_2: autoDraw = False
21.8722 	EXP 	Rapid_Image_Present_2: autoDraw = False
21.8722 	EXP 	T1Response_2: height = 0.05
21.8722 	EXP 	T1Response_2: height = 0.05
21.8722 	EXP 	T1Response_2: height = 0.05
21.8722 	EXP 	T1Response_2: text = 'Did you see the triangle?'
21.8722 	EXP 	T1Response_2: autoDraw = True
22.3768 	DATA 	Keypress: left
22.3882 	EXP 	T1Response_2: autoDraw = False
22.3882 	EXP 	T2Response_2: autoDraw = True
22.5575 	EXP 	New trial (rep=0, index=2): {'TrialType': 'AB', 'CondType': 'Lag5_T1P_T2P', 'Lag': 5, 'T1_PA': 'P', 'T2_PA': 'P', 'T1Loc': 7, 'T2Loc': 12, 'PreDistractor': 6, 'PostDistractor': 3, 'TotalImg': 15, 'cueWord': 'vacuum', 'T1cue': 'Did you see the vacuum?', 'StimLength': 0.2, 'isi': 0.016, 'PicFolder': 'JPG\\', 'Img1': 'fork07b', 'Img2': 'lightbulb01', 'Img3': 'manshoe', 'Img4': 'saw02b', 'Img5': 'shoelace', 'Img6': 'soap03a', 'Img7': 'vacuumcleaner01', 'Img8': 'floortile01', 'Img9': 'necklace', 'Img10': 'doll', 'Img11': 'cabbage', 'Img12': 'blender', 'Img13': 'hanger02a', 'Img14': 'laptop01a', 'Img15': 'nailpolish03b', 'Img16': 'blankImage', 'Img17': 'blankImage', 'T1_Identity': 'vacuumcleaner01'}
22.5711 	DATA 	Keypress: left
22.5779 	EXP 	T2Response_2: autoDraw = False
22.5779 	EXP 	text_2: height = 0.05
22.5779 	EXP 	text_2: height = 0.05
22.5779 	EXP 	text_2: height = 0.05
22.5779 	EXP 	text_2: text = 'vacuum'
22.5779 	EXP 	text_2: autoDraw = True
23.5734 	EXP 	Fixation_Cross_2: autoDraw = True
23.5901 	EXP 	text_2: autoDraw = False
24.1550 	EXP 	Fixation_Cross_2: autoDraw = False
24.1550 	EXP 	Rapid_Image_Present_2: autoDraw = True
27.2176 	EXP 	text_2: autoDraw = False
27.2176 	EXP 	Fixation_Cross_2: autoDraw = False
27.2176 	EXP 	Rapid_Image_Present_2: autoDraw = False
27.2176 	EXP 	T1Response_2: height = 0.05
27.2176 	EXP 	T1Response_2: height = 0.05
27.2176 	EXP 	T1Response_2: height = 0.05
27.2176 	EXP 	T1Response_2: text = 'Did you see the vacuum?'
27.2176 	EXP 	T1Response_2: autoDraw = True
27.7140 	DATA 	Keypress: left
27.7268 	EXP 	T1Response_2: autoDraw = False
27.7268 	EXP 	T2Response_2: autoDraw = True
27.8816 	DATA 	Keypress: left
27.8973 	EXP 	New trial (rep=0, index=3): {'TrialType': 'AB', 'CondType': 'Lag5_T1P_T2P', 'Lag': 5, 'T1_PA': 'P', 'T2_PA': 'P', 'T1Loc': 5, 'T2Loc': 10, 'PreDistractor': 4, 'PostDistractor': 5, 'TotalImg': 15, 'cueWord': 'Vulture', 'T1cue': 'Did you see the Vulture?', 'StimLength': 0.2, 'isi': 0.016, 'PicFolder': 'JPG\\', 'Img1': 'shorts01', 'Img2': 'toast', 'Img3': 'ramekin01', 'Img4': 'bib', 'Img5': 'vulture', 'Img6': 'cracker02', 'Img7': 'date', 'Img8': 'glasses01a', 'Img9': 'hat03b', 'Img10': 'blender', 'Img11': 'measuringtape01', 'Img12': 'nail', 'Img13': 'pill', 'Img14': 'drum01', 'Img15': 'starfish01', 'Img16': 'blankImage', 'Img17': 'blankImage', 'T1_Identity': 'vulture'}
27.9201 	EXP 	T2Response_2: autoDraw = False
27.9201 	EXP 	text_2: height = 0.05
27.9201 	EXP 	text_2: height = 0.05
27.9201 	EXP 	text_2: height = 0.05
27.9201 	EXP 	text_2: text = 'Vulture'
27.9201 	EXP 	text_2: autoDraw = True
28.9113 	EXP 	Fixation_Cross_2: autoDraw = True
28.9281 	EXP 	text_2: autoDraw = False
29.4930 	EXP 	Fixation_Cross_2: autoDraw = False
29.4930 	EXP 	Rapid_Image_Present_2: autoDraw = True
32.5483 	EXP 	text_2: autoDraw = False
32.5483 	EXP 	Fixation_Cross_2: autoDraw = False
32.5483 	EXP 	Rapid_Image_Present_2: autoDraw = False
32.5483 	EXP 	T1Response_2: height = 0.05
32.5483 	EXP 	T1Response_2: height = 0.05
32.5483 	EXP 	T1Response_2: height = 0.05
32.5483 	EXP 	T1Response_2: text = 'Did you see the Vulture?'
32.5483 	EXP 	T1Response_2: autoDraw = True
33.5498 	EXP 	T1Response_2: autoDraw = False
46.0167 	DATA 	Keypress: left
46.0287 	EXP 	T1Response_2: autoDraw = False
46.0287 	EXP 	T2Response_2: autoDraw = True
46.1812 	EXP 	New trial (rep=0, index=4): {'TrialType': 'AB', 'CondType': 'Lag5_T1P_T2P', 'Lag': 5, 'T1_PA': 'P', 'T2_PA': 'P', 'T1Loc': 5, 'T2Loc': 10, 'PreDistractor': 4, 'PostDistractor': 5, 'TotalImg': 15, 'cueWord': 'washing machine', 'T1cue': 'Did you see the washing machine?', 'StimLength': 0.2, 'isi': 0.016, 'PicFolder': 'JPG\\', 'Img1': 'waterbottle03', 'Img2': 'wheel01', 'Img3': 'flashlight02b', 'Img4': 'zucchini01', 'Img5': 'washingmachine', 'Img6': 'headphones02b', 'Img7': 'nutcracker01', 'Img8': 'paintroller01', 'Img9': 'paperclip03', 'Img10': 'blender', 'Img11': 'ribbon04', 'Img12': 'electricrazor', 'Img13': 'bottleofredwine01', 'Img14': 'pitabread', 'Img15': 'pot02a', 'Img16': 'blankImage', 'Img17': 'blankImage', 'T1_Identity': 'washingmachine'}
46.2470 	DATA 	Keypress: left
46.2540 	EXP 	T2Response_2: autoDraw = False
46.2540 	EXP 	text_2: height = 0.05
46.2540 	EXP 	text_2: height = 0.05
46.2540 	EXP 	text_2: height = 0.05
46.2540 	EXP 	text_2: text = 'washing machine'
46.2540 	EXP 	text_2: autoDraw = True
47.2469 	EXP 	Fixation_Cross_2: autoDraw = True
47.2636 	EXP 	text_2: autoDraw = False
47.8399 	EXP 	Fixation_Cross_2: autoDraw = False
47.8399 	EXP 	Rapid_Image_Present_2: autoDraw = True
50.7698 	EXP 	text_2: autoDraw = False
50.7698 	EXP 	Fixation_Cross_2: autoDraw = False
50.7698 	EXP 	Rapid_Image_Present_2: autoDraw = False
50.7698 	EXP 	T1Response_2: height = 0.05
50.7698 	EXP 	T1Response_2: height = 0.05
50.7698 	EXP 	T1Response_2: height = 0.05
50.7698 	EXP 	T1Response_2: text = 'Did you see the washing machine?'
50.7698 	EXP 	T1Response_2: autoDraw = True
51.7847 	EXP 	T1Response_2: autoDraw = False
51.8577 	DATA 	Keypress: left
51.8682 	EXP 	T1Response_2: autoDraw = False
51.8682 	EXP 	T2Response_2: autoDraw = True
51.9883 	EXP 	New trial (rep=0, index=5): {'TrialType': 'AB', 'CondType': 'Lag1_T1P_T2A', 'Lag': 1, 'T1_PA': 'P', 'T2_PA': 'A', 'T1Loc': 8, 'T2Loc': 9, 'PreDistractor': 7, 'PostDistractor': 5, 'TotalImg': 14, 'cueWord': 'flower', 'T1cue': 'Did you see the flower?', 'StimLength': 0.2, 'isi': 0.016, 'PicFolder': 'JPG\\', 'Img1': 'razor01', 'Img2': 'axe01', 'Img3': 'binder03b', 'Img4': 'bowl01', 'Img5': 'kettle01', 'Img6': 'lettuce', 'Img7': 'lime', 'Img8': 'plasticflower01b', 'Img9': 'mitten04', 'Img10': 'pencilcase01', 'Img11': 'plunger02', 'Img12': 'strawbasket01', 'Img13': 'toothpick02', 'Img14': 'wallet02a', 'Img15': 'blankImage', 'Img16': 'blankImage', 'Img17': 'blankImage', 'T1_Identity': 'plasticflower01b'}
52.0635 	DATA 	Keypress: left
52.0701 	EXP 	T2Response_2: autoDraw = False
52.0701 	EXP 	text_2: height = 0.05
52.0701 	EXP 	text_2: height = 0.05
52.0701 	EXP 	text_2: height = 0.05
52.0701 	EXP 	text_2: text = 'flower'
52.0701 	EXP 	text_2: autoDraw = True
53.0693 	EXP 	text_2: autoDraw = False
53.0693 	EXP 	Fixation_Cross_2: autoDraw = True
53.6519 	EXP 	Fixation_Cross_2: autoDraw = False
53.6519 	EXP 	Rapid_Image_Present_2: autoDraw = True
56.4053 	EXP 	text_2: autoDraw = False
56.4053 	EXP 	Fixation_Cross_2: autoDraw = False
56.4053 	EXP 	Rapid_Image_Present_2: autoDraw = False
56.4053 	EXP 	T1Response_2: height = 0.05
56.4053 	EXP 	T1Response_2: height = 0.05
56.4053 	EXP 	T1Response_2: height = 0.05
56.4053 	EXP 	T1Response_2: text = 'Did you see the flower?'
56.4053 	EXP 	T1Response_2: autoDraw = True
56.7782 	DATA 	Keypress: left
56.7893 	EXP 	T1Response_2: autoDraw = False
56.7893 	EXP 	T2Response_2: autoDraw = True
56.9256 	EXP 	New trial (rep=0, index=6): {'TrialType': 'AB', 'CondType': 'Lag1_T1P_T2A', 'Lag': 1, 'T1_PA': 'P', 'T2_PA': 'A', 'T1Loc': 5, 'T2Loc': 6, 'PreDistractor': 4, 'PostDistractor': 5, 'TotalImg': 11, 'cueWord': 'Webcam', 'T1cue': 'Did you see the Webcam?', 'StimLength': 0.2, 'isi': 0.016, 'PicFolder': 'JPG\\', 'Img1': 'pictureframe04', 'Img2': 'stapleremover', 'Img3': 'straw', 'Img4': 'adjustablewrench01b', 'Img5': 'webcam', 'Img6': 'cane', 'Img7': 'hairdryer02a', 'Img8': 'icepack', 'Img9': 'kitchenscale01a', 'Img10': 'lifejacket', 'Img11': 'piggybank', 'Img12': 'blankImage', 'Img13': 'blankImage', 'Img14': 'blankImage', 'Img15': 'blankImage', 'Img16': 'blankImage', 'Img17': 'blankImage', 'T1_Identity': 'webcam'}
56.9400 	DATA 	Keypress: left
56.9469 	EXP 	T2Response_2: autoDraw = False
56.9469 	EXP 	text_2: height = 0.05
56.9469 	EXP 	text_2: height = 0.05
56.9469 	EXP 	text_2: height = 0.05
56.9469 	EXP 	text_2: text = 'Webcam'
56.9469 	EXP 	text_2: autoDraw = True
57.9404 	EXP 	Fixation_Cross_2: autoDraw = True
57.9570 	EXP 	text_2: autoDraw = False
58.5231 	EXP 	Fixation_Cross_2: autoDraw = False
58.5231 	EXP 	Rapid_Image_Present_2: autoDraw = True
60.7430 	EXP 	text_2: autoDraw = False
60.7430 	EXP 	Fixation_Cross_2: autoDraw = False
60.7430 	EXP 	Rapid_Image_Present_2: autoDraw = False
60.7430 	EXP 	T1Response_2: height = 0.05
60.7430 	EXP 	T1Response_2: height = 0.05
60.7430 	EXP 	T1Response_2: height = 0.05
60.7430 	EXP 	T1Response_2: text = 'Did you see the Webcam?'
60.7430 	EXP 	T1Response_2: autoDraw = True
61.7442 	EXP 	T1Response_2: autoDraw = False
62.4832 	DATA 	Keypress: left
62.4949 	EXP 	T1Response_2: autoDraw = False
62.4949 	EXP 	T2Response_2: autoDraw = True
62.6144 	EXP 	New trial (rep=0, index=7): {'TrialType': 'AB', 'CondType': 'Lag5_T1P_T2A', 'Lag': 5, 'T1_PA': 'P', 'T2_PA': 'A', 'T1Loc': 6, 'T2Loc': 11, 'PreDistractor': 5, 'PostDistractor': 5, 'TotalImg': 16, 'cueWord': 'Wheat', 'T1cue': 'Did you see the Wheat?', 'StimLength': 0.2, 'isi': 0.016, 'PicFolder': 'JPG\\', 'Img1': 'bottleopener01', 'Img2': 'dentalfloss03b', 'Img3': 'cooler01', 'Img4': 'icecreamcone01a', 'Img5': 'paperclip01b', 'Img6': 'wheat', 'Img7': 'pencilsharpener02a', 'Img8': 'plasticbasket01a', 'Img9': 'toycar04', 'Img10': 'apricot', 'Img11': 'hairclip02', 'Img12': 'rock01a', 'Img13': 'honeydewmelon', 'Img14': 'antenna', 'Img15': 'blackberry', 'Img16': 'cardboardbox', 'Img17': 'blankImage', 'T1_Identity': 'wheat'}
62.6241 	DATA 	Keypress: left
62.6309 	EXP 	T2Response_2: autoDraw = False
62.6309 	EXP 	text_2: height = 0.05
62.6309 	EXP 	text_2: height = 0.05
62.6309 	EXP 	text_2: height = 0.05
62.6309 	EXP 	text_2: text = 'Wheat'
62.6309 	EXP 	text_2: autoDraw = True
63.6127 	EXP 	Fixation_Cross_2: autoDraw = True
63.6461 	EXP 	text_2: autoDraw = False
64.1864 	EXP 	Fixation_Cross_2: autoDraw = False
64.1864 	EXP 	Rapid_Image_Present_2: autoDraw = True
67.4330 	EXP 	text_2: autoDraw = False
67.4330 	EXP 	Fixation_Cross_2: autoDraw = False
67.4330 	EXP 	Rapid_Image_Present_2: autoDraw = False
67.4330 	EXP 	T1Response_2: height = 0.05
67.4330 	EXP 	T1Response_2: height = 0.05
67.4330 	EXP 	T1Response_2: height = 0.05
67.4330 	EXP 	T1Response_2: text = 'Did you see the Wheat?'
67.4330 	EXP 	T1Response_2: autoDraw = True
68.4347 	EXP 	T1Response_2: autoDraw = False
68.9091 	DATA 	Keypress: left
68.9190 	EXP 	T1Response_2: autoDraw = False
68.9190 	EXP 	T2Response_2: autoDraw = True
69.0393 	EXP 	New trial (rep=0, index=8): {'TrialType': 'AB', 'CondType': 'Lag5_T1P_T2A', 'Lag': 5, 'T1_PA': 'P', 'T2_PA': 'A', 'T1Loc': 6, 'T2Loc': 11, 'PreDistractor': 5, 'PostDistractor': 5, 'TotalImg': 16, 'cueWord': 'bread', 'T1cue': 'Did you see the bread?', 'StimLength': 0.2, 'isi': 0.016, 'PicFolder': 'JPG\\', 'Img1': 'cleaver01', 'Img2': 'clipboard', 'Img3': 'dustpan', 'Img4': 'hikingshoe01', 'Img5': 'notebook03a', 'Img6': 'baguette01', 'Img7': 'playingcard', 'Img8': 'pliers02b', 'Img9': 'styrofoamcup', 'Img10': 'rollingpin01a', 'Img11': 'swimgoggles', 'Img12': 'wineglass01', 'Img13': 'fryingpan02a', 'Img14': 'safetypin', 'Img15': 'syringe01', 'Img16': 'thimble', 'Img17': 'blankImage', 'T1_Identity': 'baguette01'}
69.0511 	DATA 	Keypress: left
69.0581 	EXP 	T2Response_2: autoDraw = False
69.0581 	EXP 	text_2: height = 0.05
69.0581 	EXP 	text_2: height = 0.05
69.0581 	EXP 	text_2: height = 0.05
69.0581 	EXP 	text_2: text = 'bread'
69.0581 	EXP 	text_2: autoDraw = True
70.0526 	EXP 	Fixation_Cross_2: autoDraw = True
70.0693 	EXP 	text_2: autoDraw = False
70.6331 	EXP 	Fixation_Cross_2: autoDraw = False
70.6331 	EXP 	Rapid_Image_Present_2: autoDraw = True
73.8475 	EXP 	text_2: autoDraw = False
73.8475 	EXP 	Fixation_Cross_2: autoDraw = False
73.8475 	EXP 	Rapid_Image_Present_2: autoDraw = False
73.8475 	EXP 	T1Response_2: height = 0.05
73.8475 	EXP 	T1Response_2: height = 0.05
73.8475 	EXP 	T1Response_2: height = 0.05
73.8475 	EXP 	T1Response_2: text = 'Did you see the bread?'
73.8475 	EXP 	T1Response_2: autoDraw = True
74.8578 	EXP 	T1Response_2: autoDraw = False
75.5146 	DATA 	Keypress: left
75.5253 	EXP 	T1Response_2: autoDraw = False
75.5253 	EXP 	T2Response_2: autoDraw = True
75.6445 	EXP 	New trial (rep=0, index=9): {'TrialType': 'AB', 'CondType': 'Lag5_T1A_T2P', 'Lag': 5, 'T1_PA': 'A', 'T2_PA': 'P', 'T1Loc': 6, 'T2Loc': 11, 'PreDistractor': 5, 'PostDistractor': 3, 'TotalImg': 14, 'cueWord': 'dog', 'T1cue': 'Did you see the dog?', 'StimLength': 0.2, 'isi': 0.016, 'PicFolder': 'JPG\\', 'Img1': 'bucket01a', 'Img2': 'doorlock', 'Img3': 'cookiecutter', 'Img4': 'fireextinguisher01', 'Img5': 'gluestick', 'Img6': 'highlighter02b', 'Img7': 'sportbag', 'Img8': 'spraybottle01', 'Img9': 'suitcase', 'Img10': 'thread02', 'Img11': 'blender', 'Img12': 'walnut01c', 'Img13': 'icecubetray01a', 'Img14': 'vikingmask01b', 'Img15': 'blankImage', 'Img16': 'blankImage', 'Img17': 'blankImage', 'T1_Identity': None}
75.6551 	DATA 	Keypress: left
75.6621 	EXP 	T2Response_2: autoDraw = False
75.6621 	EXP 	text_2: height = 0.05
75.6621 	EXP 	text_2: height = 0.05
75.6621 	EXP 	text_2: height = 0.05
75.6621 	EXP 	text_2: text = 'dog'
75.6621 	EXP 	text_2: autoDraw = True
76.6592 	EXP 	Fixation_Cross_2: autoDraw = True
76.6759 	EXP 	text_2: autoDraw = False
77.2482 	EXP 	Fixation_Cross_2: autoDraw = False
77.2482 	EXP 	Rapid_Image_Present_2: autoDraw = True
80.1413 	EXP 	text_2: autoDraw = False
80.1413 	EXP 	Fixation_Cross_2: autoDraw = False
80.1413 	EXP 	Rapid_Image_Present_2: autoDraw = False
80.1413 	EXP 	T1Response_2: height = 0.05
80.1413 	EXP 	T1Response_2: height = 0.05
80.1413 	EXP 	T1Response_2: height = 0.05
80.1413 	EXP 	T1Response_2: text = 'Did you see the dog?'
80.1413 	EXP 	T1Response_2: autoDraw = True
80.8686 	DATA 	Keypress: left
80.8975 	EXP 	T1Response_2: autoDraw = False
80.8975 	EXP 	T2Response_2: autoDraw = True
81.0020 	DATA 	Keypress: left
81.0177 	EXP 	New trial (rep=0, index=10): {'TrialType': 'AB', 'CondType': 'Lag1_T1A_T2A', 'Lag': 1, 'T1_PA': 'A', 'T2_PA': 'A', 'T1Loc': 8, 'T2Loc': 9, 'PreDistractor': 7, 'PostDistractor': 3, 'TotalImg': 12, 'cueWord': 'Moose', 'T1cue': 'Did you see the Moose?', 'StimLength': 0.2, 'isi': 0.016, 'PicFolder': 'JPG\\', 'Img1': 'clothespin03b', 'Img2': 'corkscrew03a', 'Img3': 'drillbit03a', 'Img4': 'fusilli03a', 'Img5': 'needlenosepliers01', 'Img6': 'perfume01a', 'Img7': 'pistachio', 'Img8': 'scrubbingbrush05b', 'Img9': 'spatula03', 'Img10': 'toothpastetube', 'Img11': 'hinge', 'Img12': 'toydinosaur', 'Img13': 'blankImage', 'Img14': 'blankImage', 'Img15': 'blankImage', 'Img16': 'blankImage', 'Img17': 'blankImage', 'T1_Identity': None}
81.0423 	EXP 	T2Response_2: autoDraw = False
81.0423 	EXP 	text_2: height = 0.05
81.0423 	EXP 	text_2: height = 0.05
81.0423 	EXP 	text_2: height = 0.05
81.0423 	EXP 	text_2: text = 'Moose'
81.0423 	EXP 	text_2: autoDraw = True
82.0318 	EXP 	Fixation_Cross_2: autoDraw = True
82.0485 	EXP 	text_2: autoDraw = False
82.6135 	EXP 	Fixation_Cross_2: autoDraw = False
82.6135 	EXP 	Rapid_Image_Present_2: autoDraw = True
85.0732 	EXP 	text_2: autoDraw = False
85.0732 	EXP 	Fixation_Cross_2: autoDraw = False
85.0732 	EXP 	Rapid_Image_Present_2: autoDraw = False
85.0732 	EXP 	T1Response_2: height = 0.05
85.0732 	EXP 	T1Response_2: height = 0.05
85.0732 	EXP 	T1Response_2: height = 0.05
85.0732 	EXP 	T1Response_2: text = 'Did you see the Moose?'
85.0732 	EXP 	T1Response_2: autoDraw = True
85.7250 	DATA 	Keypress: left
85.7355 	EXP 	T1Response_2: autoDraw = False
85.7355 	EXP 	T2Response_2: autoDraw = True
85.8720 	EXP 	New trial (rep=0, index=11): {'TrialType': 'AB', 'CondType': 'Lag5_T1A_T2A', 'Lag': 5, 'T1_PA': 'A', 'T2_PA': 'A', 'T1Loc': 6, 'T2Loc': 11, 'PreDistractor': 5, 'PostDistractor': 5, 'TotalImg': 16, 'cueWord': 'castle', 'T1cue': 'Did you see the castle?', 'StimLength': 0.2, 'isi': 0.016, 'PicFolder': 'JPG\\', 'Img1': 'tape02a', 'Img2': 'englishmuffin', 'Img3': 'flask', 'Img4': 'ladle02a', 'Img5': 'monitor', 'Img6': 'peach01', 'Img7': 'keychain', 'Img8': 'squeegee01b', 'Img9': 'telephone01b', 'Img10': 'whisk', 'Img11': 'walkman', 'Img12': 'syringe02', 'Img13': 'baguette01', 'Img14': 'coaster', 'Img15': 'box01a', 'Img16': 'coffeepot03a', 'Img17': 'blankImage', 'T1_Identity': None}
85.8825 	DATA 	Keypress: left
85.8894 	EXP 	T2Response_2: autoDraw = False
85.8894 	EXP 	text_2: height = 0.05
85.8894 	EXP 	text_2: height = 0.05
85.8894 	EXP 	text_2: height = 0.05
85.8894 	EXP 	text_2: text = 'castle'
85.8894 	EXP 	text_2: autoDraw = True
86.8865 	EXP 	Fixation_Cross_2: autoDraw = True
86.9031 	EXP 	text_2: autoDraw = False
87.4633 	EXP 	Rapid_Image_Present_2: autoDraw = True
87.5467 	EXP 	Fixation_Cross_2: autoDraw = False
90.6983 	EXP 	text_2: autoDraw = False
90.6983 	EXP 	Fixation_Cross_2: autoDraw = False
90.6983 	EXP 	Rapid_Image_Present_2: autoDraw = False
90.6983 	EXP 	T1Response_2: height = 0.05
90.6983 	EXP 	T1Response_2: height = 0.05
90.6983 	EXP 	T1Response_2: height = 0.05
90.6983 	EXP 	T1Response_2: text = 'Did you see the castle?'
90.6983 	EXP 	T1Response_2: autoDraw = True
91.0789 	DATA 	Keypress: left
91.0903 	EXP 	T1Response_2: autoDraw = False
91.0903 	EXP 	T2Response_2: autoDraw = True
91.2629 	DATA 	Keypress: left
91.2739 	EXP 	T2Response_2: autoDraw = False
91.2739 	EXP 	text: autoDraw = True
92.8929 	EXP 	Imported Test/Practice_Condition_3.xlsx as conditions, 468 conditions, 33 params
92.8986 	EXP 	Created sequence: sequential, trialTypes=468, nReps=1, seed=None
92.8992 	EXP 	New trial (rep=0, index=0): {'TrialType': 'AB', 'CondType': 'Lag1_T1P_T2P', 'Lag': 1, 'T1_PA': 'P', 'T2_PA': 'P', 'T1Loc': 8, 'T2Loc': 9, 'PreDistractor': 7, 'PostDistractor': 5, 'TotalImg': 14, 'cueWord': 'giraffe', 'T1cue': 'Did you see the giraffe?', 'StimLength': 0.5, 'isi': 0.016, 'PicFolder': 'JPG\\', 'Img1': 'pencil01', 'Img2': 'foosballtable', 'Img3': 'banana01', 'Img4': 'lipstick02a', 'Img5': 'toaster01', 'Img6': 'grape01', 'Img7': 'key01', 'Img8': 'giraffe', 'Img9': 'blender', 'Img10': 'pineapple01a', 'Img11': 'strawberry', 'Img12': 'teabag', 'Img13': 'dandelion', 'Img14': 'paintbrush01', 'Img15': 'blankImage', 'Img16': 'blankImage', 'Img17': 'blankImage', 'T1_Identity': 'giraffe'}
92.9038 	DATA 	Keypress: space
92.9106 	EXP 	text: autoDraw = False
92.9106 	EXP 	text_5: height = 0.05
92.9106 	EXP 	text_5: height = 0.05
92.9106 	EXP 	text_5: height = 0.05
92.9106 	EXP 	text_5: text = 'giraffe'
92.9106 	EXP 	text_5: autoDraw = True
93.9096 	EXP 	text_5: autoDraw = False
93.9096 	EXP 	FC: autoDraw = True
94.5148 	EXP 	FC: autoDraw = False
94.5148 	EXP 	Rapid_Image_Present: autoDraw = True
100.0398 	EXP 	text_5: autoDraw = False
100.0398 	EXP 	FC: autoDraw = False
100.0398 	EXP 	Rapid_Image_Present: autoDraw = False
100.0398 	EXP 	T1Response: height = 0.05
100.0398 	EXP 	T1Response: height = 0.05
100.0398 	EXP 	T1Response: height = 0.05
100.0398 	EXP 	T1Response: text = 'Did you see the giraffe?'
100.0398 	EXP 	T1Response: autoDraw = True
100.9745 	DATA 	Keypress: left
100.9839 	EXP 	T1Response: autoDraw = False
100.9839 	EXP 	T2Response: autoDraw = True
101.2218 	EXP 	New trial (rep=0, index=1): {'TrialType': 'AB', 'CondType': 'Lag1_T1P_T2P', 'Lag': 1, 'T1_PA': 'P', 'T2_PA': 'P', 'T1Loc': 6, 'T2Loc': 7, 'PreDistractor': 5, 'PostDistractor': 5, 'TotalImg': 12, 'cueWord': 'owl', 'T1cue': 'Did you see the owl?', 'StimLength': 0.5, 'isi': 0.016, 'PicFolder': 'JPG\\', 'Img1': 'paintbrush01', 'Img2': 'eraser', 'Img3': 'medal02b', 'Img4': 'hammer01', 'Img5': 'speaker04', 'Img6': 'greathornowl', 'Img7': 'blender', 'Img8': 'comb02a', 'Img9': 'plate01b', 'Img10': 'clock01a', 'Img11': 'button01', 'Img12': 'globe', 'Img13': 'blankImage', 'Img14': 'blankImage', 'Img15': 'blankImage', 'Img16': 'blankImage', 'Img17': 'blankImage', 'T1_Identity': 'greathornowl'}
101.2318 	DATA 	Keypress: left
101.2386 	EXP 	T2Response: autoDraw = False
101.2386 	EXP 	text_5: height = 0.05
101.2386 	EXP 	text_5: height = 0.05
101.2386 	EXP 	text_5: height = 0.05
101.2386 	EXP 	text_5: text = 'owl'
101.2386 	EXP 	text_5: autoDraw = True
102.2348 	EXP 	FC: autoDraw = True
102.2516 	EXP 	text_5: autoDraw = False
102.3882 	DATA 	Keypress: escape
103.0873 	EXP 	window1: mouseVisible = True
